\BOOKMARK [1][-]{section.1}{\376\377\000I\000n\000t\000r\000o\000d\000u\000c\000t\000i\000o\000n}{}% 1
\BOOKMARK [1][-]{section.2}{\376\377\000A\000i\000m}{}% 2
\BOOKMARK [1][-]{section.3}{\376\377\000M\000e\000t\000h\000o\000d}{}% 3
\BOOKMARK [2][-]{subsection.3.1}{\376\377\000T\000h\000e\000o\000r\000y}{section.3}% 4
\BOOKMARK [2][-]{subsection.3.2}{\376\377\000E\000x\000p\000e\000r\000i\000m\000e\000n\000t\000a\000l\000\040\000S\000e\000t\000u\000p}{section.3}% 5
\BOOKMARK [2][-]{subsection.3.3}{\376\377\000E\000n\000e\000r\000g\000y\000\040\000D\000i\000s\000s\000i\000p\000a\000t\000i\000o\000n}{section.3}% 6
\BOOKMARK [2][-]{subsection.3.4}{\376\377\000R\000e\000m\000a\000n\000e\000n\000t\000\040\000M\000a\000g\000n\000e\000t\000i\000s\000a\000t\000i\000o\000n}{section.3}% 7
\BOOKMARK [2][-]{subsection.3.5}{\376\377\000S\000y\000s\000t\000e\000m\000a\000t\000i\000c\000\040\000U\000n\000c\000e\000r\000t\000a\000i\000n\000t\000i\000e\000s}{section.3}% 8
\BOOKMARK [1][-]{section.4}{\376\377\000R\000e\000s\000u\000l\000t\000s}{}% 9
\BOOKMARK [2][-]{subsection.4.1}{\376\377\000H\000y\000s\000t\000e\000r\000e\000s\000i\000s\000\040\000L\000o\000o\000p}{section.4}% 10
\BOOKMARK [2][-]{subsection.4.2}{\376\377\000N\000u\000m\000e\000r\000i\000c\000a\000l\000\040\000I\000n\000t\000e\000g\000r\000a\000t\000i\000o\000n\000\040\000c\000u\000r\000v\000e\000s}{section.4}% 11
\BOOKMARK [2][-]{subsection.4.3}{\376\377\000P\000l\000o\000t\000\040\000o\000f\000\040\000R\000e\000m\000a\000n\000e\000n\000t\000\040\000M\000a\000g\000n\000e\000t\000i\000s\000a\000t\000i\000o\000n}{section.4}% 12
\BOOKMARK [1][-]{section.5}{\376\377\000A\000n\000a\000l\000y\000s\000i\000s}{}% 13
\BOOKMARK [2][-]{subsection.5.1}{\376\377\000E\000n\000e\000r\000g\000y\000\040\000D\000i\000s\000s\000i\000p\000a\000t\000i\000o\000n}{section.5}% 14
\BOOKMARK [3][-]{subsubsection.5.1.1}{\376\377\000N\000u\000m\000e\000r\000i\000c\000a\000l\000\040\000I\000n\000t\000e\000g\000r\000a\000t\000i\000o\000n}{subsection.5.1}% 15
\BOOKMARK [3][-]{subsubsection.5.1.2}{\376\377\000C\000u\000t\000\040\000a\000n\000d\000\040\000W\000e\000i\000g\000h}{subsection.5.1}% 16
\BOOKMARK [3][-]{subsubsection.5.1.3}{\376\377\000E\000n\000e\000r\000g\000y\000\040\000D\000i\000s\000s\000i\000p\000a\000t\000i\000o\000n}{subsection.5.1}% 17
\BOOKMARK [2][-]{subsection.5.2}{\376\377\000R\000e\000m\000a\000n\000e\000n\000t\000\040\000M\000a\000g\000n\000e\000t\000i\000s\000a\000t\000i\000o\000n}{section.5}% 18
\BOOKMARK [1][-]{section.6}{\376\377\000D\000i\000s\000c\000u\000s\000s\000i\000o\000n}{}% 19
\BOOKMARK [1][-]{section.7}{\376\377\000C\000o\000n\000c\000l\000u\000s\000i\000o\000n}{}% 20
\BOOKMARK [1][-]{appendix.A}{\376\377\000P\000r\000e\000w\000o\000r\000k}{}% 21
\BOOKMARK [2][-]{subsection.A.1}{\376\377\000C\000o\000r\000r\000e\000c\000t\000i\000o\000n\000s}{appendix.A}% 22
\BOOKMARK [1][-]{appendix.B}{\376\377\000L\000a\000b\000\040\000N\000o\000t\000e\000s}{}% 23
