\BOOKMARK [0][-]{section*.2}{\376\377\000A\000c\000o\000u\000s\000t\000o\000-\000O\000p\000t\000i\000c\000s}{}% 2
\BOOKMARK [1][-]{section*.1}{\376\377\000A\000b\000s\000t\000r\000a\000c\000t}{section*.2}% 1
\BOOKMARK [1][-]{section*.3}{\376\377\000I\000n\000t\000r\000o\000d\000u\000c\000t\000i\000o\000n}{section*.2}% 3
\BOOKMARK [2][-]{section*.6}{\376\377\000I\000n\000t\000e\000n\000s\000i\000t\000y\000\040\000i\000n\000\040\000R\000-\000N\000\040\000r\000e\000g\000i\000m\000e}{section*.3}% 4
\BOOKMARK [1][-]{section*.7}{\376\377\000A\000i\000m}{section*.2}% 5
\BOOKMARK [1][-]{section*.8}{\376\377\000M\000e\000t\000h\000o\000d}{section*.2}% 6
\BOOKMARK [2][-]{section*.9}{\376\377\000I\000n\000s\000t\000r\000u\000m\000e\000n\000t\000s}{section*.8}% 7
\BOOKMARK [2][-]{section*.11}{\376\377\000T\000h\000e\000o\000r\000y}{section*.8}% 8
\BOOKMARK [2][-]{section*.12}{\376\377\000B\000r\000a\000g\000g\000\040\000A\000n\000g\000l\000e}{section*.8}% 9
\BOOKMARK [2][-]{section*.13}{\376\377\000A\000c\000o\000u\000s\000t\000i\000c\000\040\000V\000e\000l\000o\000c\000i\000t\000y}{section*.8}% 10
\BOOKMARK [2][-]{section*.14}{\376\377\000I\000n\000t\000e\000n\000s\000i\000t\000y\000\040\000i\000n\000\040\000R\000-\000N\000\040\000R\000e\000g\000i\000m\000e}{section*.8}% 11
\BOOKMARK [1][-]{section*.15}{\376\377\000R\000e\000s\000u\000l\000t\000s\000\040\000\046\000\040\000A\000n\000a\000l\000y\000s\000i\000s}{section*.2}% 12
\BOOKMARK [2][-]{section*.16}{\376\377\000B\000r\000a\000g\000g\000\040\000R\000e\000g\000i\000m\000e}{section*.15}% 13
\BOOKMARK [2][-]{section*.19}{\376\377\000R\000a\000m\000a\000n\000-\000N\000a\000t\000h\000\040\000R\000e\000g\000i\000m\000e}{section*.15}% 14
\BOOKMARK [3][-]{section*.22}{\376\377\000D\000i\000f\000f\000e\000r\000e\000n\000t\000\040\000w\000a\000v\000e\000f\000o\000r\000m\000s}{section*.19}% 15
\BOOKMARK [3][-]{section*.26}{\376\377\000S\000M\000V\000R}{section*.19}% 16
\BOOKMARK [3][-]{section*.27}{\376\377\000I\000n\000t\000e\000n\000s\000i\000t\000y}{section*.19}% 17
\BOOKMARK [1][-]{section*.31}{\376\377\000D\000i\000s\000c\000u\000s\000s\000i\000o\000n\000\040\000\046\000\040\000F\000u\000r\000t\000h\000e\000r\000\040\000r\000e\000s\000e\000a\000r\000c\000h}{section*.2}% 18
\BOOKMARK [1][-]{section*.32}{\376\377\000C\000o\000n\000c\000l\000u\000s\000i\000o\000n\000s}{section*.2}% 19
\BOOKMARK [1][-]{section*.33}{\376\377\000A\000p\000p\000e\000n\000d\000i\000x}{section*.2}% 20
\BOOKMARK [2][-]{section*.34}{\376\377\000G\000e\000o\000m\000e\000t\000r\000i\000c\000\040\000a\000p\000p\000r\000o\000a\000c\000h\000\040\000t\000o\000\040\000B\000r\000a\000g\000g\000\040\000A\000n\000g\000l\000e}{section*.33}% 21
\BOOKMARK [1][-]{section*.36}{\376\377\000L\000a\000b\000\040\000B\000o\000o\000k}{section*.2}% 22
\BOOKMARK [1][-]{section*.38}{\376\377\000P\000y\000t\000h\000o\000n}{section*.2}% 23
\BOOKMARK [1][-]{section*.43}{\376\377\000R\000e\000f\000e\000r\000e\000n\000c\000e\000s}{section*.2}% 24
