\BOOKMARK [1][-]{section.1}{\376\377\000R\000e\000v\000i\000s\000e\000d\000\040\000P\000l\000o\000t\000s}{}% 1
\BOOKMARK [1][-]{section.2}{\376\377\000I\000n\000t\000r\000o\000d\000u\000c\000t\000i\000o\000n}{}% 2
\BOOKMARK [1][-]{section.3}{\376\377\000J\000o\000n\000e\000s\000\040\000v\000e\000c\000t\000o\000r\000s}{}% 3
\BOOKMARK [1][-]{section.4}{\376\377\000E\000x\000p\000e\000r\000i\000m\000e\000n\000t\000a\000l\000\040\000S\000e\000t\000u\000p\000\040\000a\000n\000d\000\040\000E\000r\000r\000o\000r\000\040\000A\000n\000a\000l\000y\000s\000i\000s}{}% 4
\BOOKMARK [1][-]{section.5}{\376\377\000P\000a\000r\000t\000\040\000I}{}% 5
\BOOKMARK [2][-]{subsection.5.1}{\376\377\000M\000e\000t\000h\000o\000d}{section.5}% 6
\BOOKMARK [3][-]{subsubsection.5.1.1}{\376\377\000S\000c\000a\000t\000t\000e\000r\000i\000n\000g}{subsection.5.1}% 7
\BOOKMARK [3][-]{subsubsection.5.1.2}{\376\377\000P\000o\000l\000a\000r\000i\000s\000a\000t\000i\000o\000n}{subsection.5.1}% 8
\BOOKMARK [2][-]{subsection.5.2}{\376\377\000R\000e\000s\000u\000l\000t\000s}{section.5}% 9
\BOOKMARK [3][-]{subsubsection.5.2.1}{\376\377\000S\000c\000a\000t\000t\000e\000r\000i\000n\000g}{subsection.5.2}% 10
\BOOKMARK [3][-]{subsubsection.5.2.2}{\376\377\000P\000o\000l\000a\000r\000i\000s\000a\000t\000i\000o\000n}{subsection.5.2}% 11
\BOOKMARK [2][-]{subsection.5.3}{\376\377\000A\000n\000a\000l\000y\000s\000i\000s}{section.5}% 12
\BOOKMARK [1][-]{section.6}{\376\377\000P\000a\000r\000t\000\040\000I\000I}{}% 13
\BOOKMARK [2][-]{subsection.6.1}{\376\377\000M\000e\000t\000h\000o\000d}{section.6}% 14
\BOOKMARK [3][-]{subsubsection.6.1.1}{\376\377\000D\000i\000e\000l\000e\000c\000t\000r\000i\000c\000s}{subsection.6.1}% 15
\BOOKMARK [3][-]{subsubsection.6.1.2}{\376\377\000M\000e\000t\000a\000l\000s}{subsection.6.1}% 16
\BOOKMARK [2][-]{subsection.6.2}{\376\377\000R\000e\000s\000u\000l\000t\000s}{section.6}% 17
\BOOKMARK [3][-]{subsubsection.6.2.1}{\376\377\000D\000i\000e\000l\000e\000c\000t\000r\000i\000c\000s}{subsection.6.2}% 18
\BOOKMARK [3][-]{subsubsection.6.2.2}{\376\377\000M\000e\000t\000a\000l\000s}{subsection.6.2}% 19
\BOOKMARK [2][-]{subsection.6.3}{\376\377\000A\000n\000a\000l\000y\000s\000i\000s}{section.6}% 20
\BOOKMARK [2][-]{subsection.6.4}{\376\377\000D\000i\000s\000c\000u\000s\000s\000i\000o\000n}{section.6}% 21
\BOOKMARK [2][-]{subsection.6.5}{\376\377\000C\000o\000n\000c\000l\000u\000s\000i\000o\000n}{section.6}% 22
\BOOKMARK [1][-]{section.7}{\376\377\000A\000p\000p\000e\000n\000d\000i\000x}{}% 23
\BOOKMARK [2][-]{subsection.7.1}{\376\377\000P\000r\000e\000-\000W\000o\000r\000k\000\040\000T\000h\000e\000o\000r\000e\000t\000i\000c\000a\000l\000\040\000Q\000u\000e\000s\000t\000i\000o\000n\000s}{section.7}% 24
\BOOKMARK [3][-]{subsubsection.7.1.1}{\376\377\000Q\000u\000e\000s\000t\000i\000o\000n\000\040\0002\000a}{subsection.7.1}% 25
\BOOKMARK [3][-]{subsubsection.7.1.2}{\376\377\000Q\000u\000e\000s\000t\000i\000o\000n\000\040\0002\000b}{subsection.7.1}% 26
\BOOKMARK [3][-]{subsubsection.7.1.3}{\376\377\000Q\000u\000e\000s\000t\000i\000o\000n\000\040\0002\000c}{subsection.7.1}% 27
\BOOKMARK [3][-]{subsubsection.7.1.4}{\376\377\000Q\000u\000e\000s\000t\000i\000o\000n\000\040\0002\000d}{subsection.7.1}% 28
\BOOKMARK [3][-]{subsubsection.7.1.5}{\376\377\000Q\000u\000e\000s\000t\000i\000o\000n\000\040\0002\000e}{subsection.7.1}% 29
\BOOKMARK [3][-]{subsubsection.7.1.6}{\376\377\000Q\000u\000e\000s\000t\000i\000o\000n\000\040\0002\000f}{subsection.7.1}% 30
\BOOKMARK [3][-]{subsubsection.7.1.7}{\376\377\000Q\000u\000e\000s\000t\000i\000o\000n\000\040\0002\000g}{subsection.7.1}% 31
\BOOKMARK [2][-]{subsection.7.2}{\376\377\000L\000a\000b\000\040\000B\000o\000o\000k}{section.7}% 32
\BOOKMARK [3][-]{subsubsection.7.2.1}{\376\377\000P\000r\000o\000p\000e\000r\000\040\000A\000t\000t\000e\000m\000p\000t}{subsection.7.2}% 33
\BOOKMARK [3][-]{subsubsection.7.2.2}{\376\377\000F\000a\000i\000l\000e\000d\000\040\000A\000t\000t\000e\000m\000p\000t\000s}{subsection.7.2}% 34
\BOOKMARK [2][-]{subsection.7.3}{\376\377\000D\000e\000r\000i\000v\000a\000t\000i\000o\000n\000s}{section.7}% 35
\BOOKMARK [3][-]{subsubsection.7.3.1}{\376\377\000Q\000u\000a\000r\000t\000e\000r\000\040\000w\000a\000v\000e\000\040\000p\000l\000a\000t\000e\000\040\000u\000s\000i\000n\000g\000\040\000J\000o\000n\000e\000s\000\040\000m\000a\000t\000r\000i\000c\000e\000s}{subsection.7.3}% 36
\BOOKMARK [3][-]{subsubsection.7.3.2}{\376\377\000R\000e\000f\000l\000e\000c\000t\000a\000n\000c\000e\000\040\000c\000o\000e\000f\000f\000i\000c\000i\000e\000n\000t\000\040\000u\000s\000i\000n\000g\000\040\000J\000o\000n\000e\000s\000\040\000m\000a\000t\000r\000i\000c\000e\000s}{subsection.7.3}% 37
\BOOKMARK [2][-]{subsection.7.4}{\376\377\000C\000u\000r\000v\000e\000\040\000f\000i\000t\000t\000i\000n\000g}{section.7}% 38
\BOOKMARK [2][-]{subsection.7.5}{\376\377\000S\000o\000l\000v\000i\000n\000g\000\040\000s\000i\000m\000u\000t\000a\000n\000e\000o\000u\000s\000\040\000e\000q\000u\000a\000t\000i\000o\000n\000s}{section.7}% 39
