\BOOKMARK [1][-]{section.1}{\376\377\000I\000n\000t\000r\000o\000d\000u\000c\000t\000i\000o\000n}{}% 1
\BOOKMARK [1][-]{section.2}{\376\377\000E\000x\000p\000e\000r\000i\000m\000e\000n\000t\000a\000l\000\040\000S\000e\000t\000u\000p}{}% 2
\BOOKMARK [1][-]{section.3}{\376\377\000P\000a\000r\000t\000\040\000I}{}% 3
\BOOKMARK [2][-]{subsection.3.1}{\376\377\000E\000x\000p\000e\000r\000i\000m\000e\000n\000t\000\040\0001\000:\000\040\000S\000c\000a\000t\000t\000e\000r\000i\000n\000g}{section.3}% 4
\BOOKMARK [3][-]{subsubsection.3.1.1}{\376\377\000M\000e\000t\000h\000o\000d}{subsection.3.1}% 5
\BOOKMARK [3][-]{subsubsection.3.1.2}{\376\377\000R\000e\000s\000u\000l\000t\000s}{subsection.3.1}% 6
\BOOKMARK [3][-]{subsubsection.3.1.3}{\376\377\000A\000n\000a\000l\000y\000s\000i\000s}{subsection.3.1}% 7
\BOOKMARK [2][-]{subsection.3.2}{\376\377\000E\000x\000p\000e\000r\000i\000m\000e\000n\000t\000\040\0002\000:\000\040\000L\000i\000n\000e\000a\000r\000\040\000P\000o\000l\000a\000r\000i\000s\000a\000t\000i\000o\000n}{section.3}% 8
\BOOKMARK [3][-]{subsubsection.3.2.1}{\376\377\000M\000e\000t\000h\000o\000d}{subsection.3.2}% 9
\BOOKMARK [3][-]{subsubsection.3.2.2}{\376\377\000R\000e\000s\000u\000l\000t\000s}{subsection.3.2}% 10
\BOOKMARK [3][-]{subsubsection.3.2.3}{\376\377\000A\000n\000a\000l\000y\000s\000i\000s}{subsection.3.2}% 11
\BOOKMARK [2][-]{subsection.3.3}{\376\377\000E\000x\000p\000e\000r\000i\000m\000e\000n\000t\000\040\0003\000:\000\040\000C\000i\000r\000c\000u\000l\000a\000r\000\040\000P\000o\000l\000a\000r\000i\000s\000a\000t\000i\000o\000n}{section.3}% 12
\BOOKMARK [3][-]{subsubsection.3.3.1}{\376\377\000M\000e\000t\000h\000o\000d}{subsection.3.3}% 13
\BOOKMARK [3][-]{subsubsection.3.3.2}{\376\377\000R\000e\000s\000u\000l\000t\000s}{subsection.3.3}% 14
\BOOKMARK [3][-]{subsubsection.3.3.3}{\376\377\000A\000n\000a\000l\000y\000s\000i\000s}{subsection.3.3}% 15
\BOOKMARK [1][-]{section.4}{\376\377\000P\000a\000r\000t\000\040\000I\000I}{}% 16
\BOOKMARK [2][-]{subsection.4.1}{\376\377\000E\000x\000p\000e\000r\000i\000m\000e\000n\000t\000\040\0001\000:\000\040\000R\000e\000f\000l\000e\000c\000t\000i\000o\000n\000\040\000f\000r\000o\000m\000\040\000D\000i\000e\000l\000e\000c\000t\000r\000i\000c\000s}{section.4}% 17
\BOOKMARK [3][-]{subsubsection.4.1.1}{\376\377\000M\000e\000t\000h\000o\000d}{subsection.4.1}% 18
\BOOKMARK [3][-]{subsubsection.4.1.2}{\376\377\000R\000e\000s\000u\000l\000t\000s}{subsection.4.1}% 19
\BOOKMARK [3][-]{subsubsection.4.1.3}{\376\377\000A\000n\000a\000l\000y\000s\000i\000s}{subsection.4.1}% 20
\BOOKMARK [2][-]{subsection.4.2}{\376\377\000E\000x\000p\000e\000r\000i\000m\000e\000n\000t\000\040\0002\000:\000\040\000R\000e\000f\000l\000e\000c\000t\000i\000o\000n\000\040\000f\000r\000o\000m\000\040\000M\000e\000t\000a\000l\000s}{section.4}% 21
\BOOKMARK [3][-]{subsubsection.4.2.1}{\376\377\000M\000e\000t\000h\000o\000d}{subsection.4.2}% 22
\BOOKMARK [3][-]{subsubsection.4.2.2}{\376\377\000R\000e\000s\000u\000l\000t\000s}{subsection.4.2}% 23
\BOOKMARK [3][-]{subsubsection.4.2.3}{\376\377\000A\000n\000a\000l\000y\000s\000i\000s}{subsection.4.2}% 24
\BOOKMARK [1][-]{section.5}{\376\377\000A\000p\000p\000e\000n\000d\000i\000x}{}% 25
\BOOKMARK [2][-]{subsection.5.1}{\376\377\000P\000r\000e\000-\000W\000o\000r\000k\000\040\000T\000h\000e\000o\000r\000e\000t\000i\000c\000a\000l\000\040\000Q\000u\000e\000s\000t\000i\000o\000n\000s}{section.5}% 26
\BOOKMARK [3][-]{subsubsection.5.1.1}{\376\377\000Q\000u\000e\000s\000t\000i\000o\000n\000\040\0002\000a}{subsection.5.1}% 27
\BOOKMARK [3][-]{subsubsection.5.1.2}{\376\377\000Q\000u\000e\000s\000t\000i\000o\000n\000\040\0002\000b}{subsection.5.1}% 28
\BOOKMARK [3][-]{subsubsection.5.1.3}{\376\377\000Q\000u\000e\000s\000t\000i\000o\000n\000\040\0002\000c}{subsection.5.1}% 29
\BOOKMARK [3][-]{subsubsection.5.1.4}{\376\377\000Q\000u\000e\000s\000t\000i\000o\000n\000\040\0002\000d}{subsection.5.1}% 30
\BOOKMARK [3][-]{subsubsection.5.1.5}{\376\377\000Q\000u\000e\000s\000t\000i\000o\000n\000\040\0002\000e}{subsection.5.1}% 31
\BOOKMARK [3][-]{subsubsection.5.1.6}{\376\377\000Q\000u\000e\000s\000t\000i\000o\000n\000\040\0002\000f}{subsection.5.1}% 32
\BOOKMARK [3][-]{subsubsection.5.1.7}{\376\377\000Q\000u\000e\000s\000t\000i\000o\000n\000\040\0002\000g}{subsection.5.1}% 33
\BOOKMARK [2][-]{subsection.5.2}{\376\377\000L\000a\000b\000\040\000B\000o\000o\000k}{section.5}% 34
\BOOKMARK [3][-]{subsubsection.5.2.1}{\376\377\000P\000r\000o\000p\000e\000r\000\040\000A\000t\000t\000e\000m\000p\000t}{subsection.5.2}% 35
\BOOKMARK [2][-]{subsection.5.3}{\376\377\000F\000a\000i\000l\000e\000d\000\040\000A\000t\000t\000e\000m\000p\000t\000s}{section.5}% 36
\BOOKMARK [2][-]{subsection.5.4}{\376\377\000D\000a\000t\000a\000\040\000A\000n\000a\000l\000y\000s\000i\000s\000\040\000i\000n\000\040\000P\000y\000t\000h\000o\000n}{section.5}% 37
\BOOKMARK [3][-]{subsubsection.5.4.1}{\376\377\000C\000u\000r\000v\000e\000\040\000F\000i\000t\000t\000i\000n\000g}{subsection.5.4}% 38
