\BOOKMARK [1][-]{section.1}{\376\377\000I\000n\000t\000r\000o\000d\000u\000c\000t\000i\000o\000n}{}% 1
\BOOKMARK [2][-]{subsection.1.1}{\376\377\000S\000e\000t\000u\000p}{section.1}% 2
\BOOKMARK [2][-]{subsection.1.2}{\376\377\000K\000i\000r\000c\000h\000h\000o\000f\000f\000'\000s\000\040\000L\000a\000w\000s}{section.1}% 3
\BOOKMARK [2][-]{subsection.1.3}{\376\377\000R\000L\000C\000\040\000T\000r\000a\000n\000s\000i\000e\000n\000t\000\040\000R\000e\000s\000p\000o\000n\000s\000e}{section.1}% 4
\BOOKMARK [2][-]{subsection.1.4}{\376\377\000R\000L\000C\000\040\000S\000t\000e\000a\000d\000y\000-\000S\000t\000a\000t\000e\000\040\000R\000e\000s\000p\000o\000n\000s\000e}{section.1}% 5
\BOOKMARK [3][-]{subsubsection.1.4.1}{\376\377\000R\000e\000s\000o\000n\000a\000n\000c\000e}{subsection.1.4}% 6
\BOOKMARK [1][-]{section.2}{\376\377\000A\000i\000m}{}% 7
\BOOKMARK [1][-]{section.3}{\376\377\000M\000e\000t\000h\000o\000d}{}% 8
\BOOKMARK [2][-]{subsection.3.1}{\376\377\000S\000e\000t\000u\000p}{section.3}% 9
\BOOKMARK [2][-]{subsection.3.2}{\376\377\000R\000L\000C\000\040\000T\000r\000a\000n\000s\000i\000e\000n\000t\000\040\000R\000e\000s\000p\000o\000n\000s\000e}{section.3}% 10
\BOOKMARK [2][-]{subsection.3.3}{\376\377\000R\000L\000C\000\040\000S\000t\000e\000a\000d\000y\000\040\000S\000t\000a\000t\000e\000\040\000R\000e\000s\000p\000o\000n\000s\000e}{section.3}% 11
\BOOKMARK [1][-]{section.4}{\376\377\000R\000e\000s\000u\000l\000t\000s}{}% 12
\BOOKMARK [1][-]{section.5}{\376\377\000A\000n\000a\000l\000y\000s\000i\000s}{}% 13
\BOOKMARK [2][-]{subsection.5.1}{\376\377\000L\000i\000g\000h\000t\000l\000y\000\040\000D\000a\000m\000p\000e\000d\000\040\000A\000s\000s\000u\000m\000p\000t\000i\000o\000n}{section.5}% 14
\BOOKMARK [2][-]{subsection.5.2}{\376\377\000P\000e\000r\000i\000o\000d\000\040\000o\000f\000\040\000u\000n\000d\000e\000r\000d\000a\000m\000p\000e\000d\000\040\000c\000i\000r\000c\000u\000i\000t\000,\000\040\000T}{section.5}% 15
\BOOKMARK [2][-]{subsection.5.3}{\376\377\000D\000a\000m\000p\000i\000n\000g\000\040\000F\000a\000c\000t\000o\000r\000,\000\040\000k}{section.5}% 16
\BOOKMARK [2][-]{subsection.5.4}{\376\377\000R\000e\000s\000o\000n\000a\000n\000t\000\040\000F\000r\000e\000q\000u\000e\000n\000c\000y}{section.5}% 17
\BOOKMARK [2][-]{subsection.5.5}{\376\377\000B\000a\000n\000d\000w\000i\000d\000t\000h}{section.5}% 18
\BOOKMARK [2][-]{subsection.5.6}{\376\377\000Q\000-\000F\000a\000c\000t\000o\000r}{section.5}% 19
\BOOKMARK [1][-]{section.6}{\376\377\000D\000i\000s\000c\000u\000s\000s\000i\000o\000n}{}% 20
\BOOKMARK [1][-]{section.7}{\376\377\000C\000o\000n\000c\000l\000u\000s\000i\000o\000n}{}% 21
\BOOKMARK [1][-]{section.8}{\376\377\000A\000p\000p\000e\000n\000d\000i\000x}{}% 22
\BOOKMARK [2][-]{subsection.8.1}{\376\377\000D\000e\000r\000i\000v\000a\000t\000i\000o\000n\000s}{section.8}% 23
\BOOKMARK [3][-]{subsubsection.8.1.1}{\376\377\000E\000q\000u\000a\000t\000i\000o\000n\000\040\0001\0002}{subsection.8.1}% 24
\BOOKMARK [3][-]{subsubsection.8.1.2}{\376\377\000E\000q\000u\000a\000t\000i\000o\000n\000\040\0003\0004}{subsection.8.1}% 25
\BOOKMARK [3][-]{subsubsection.8.1.3}{\376\377\000E\000q\000u\000a\000t\000i\000o\000n\000\040\0007\0001}{subsection.8.1}% 26
\BOOKMARK [3][-]{subsubsection.8.1.4}{\376\377\000E\000q\000u\000a\000t\000i\000o\000n\000\040\0004\0003}{subsection.8.1}% 27
\BOOKMARK [2][-]{subsection.8.2}{\376\377\000P\000r\000e\000-\000W\000o\000r\000k\000:\000\040\000T\000h\000e\000o\000r\000y}{section.8}% 28
\BOOKMARK [3][-]{subsubsection.8.2.1}{\376\377\000Q\000u\000e\000s\000t\000i\000o\000n\000\040\0001}{subsection.8.2}% 29
\BOOKMARK [3][-]{subsubsection.8.2.2}{\376\377\000Q\000u\000e\000s\000t\000i\000o\000n\000\040\0002}{subsection.8.2}% 30
\BOOKMARK [3][-]{subsubsection.8.2.3}{\376\377\000Q\000u\000e\000s\000t\000i\000o\000n\000\040\0003}{subsection.8.2}% 31
\BOOKMARK [3][-]{subsubsection.8.2.4}{\376\377\000Q\000u\000e\000s\000t\000i\000o\000n\000\040\0004}{subsection.8.2}% 32
\BOOKMARK [2][-]{subsection.8.3}{\376\377\000P\000r\000e\000-\000W\000o\000r\000k\000:\000\040\000E\000x\000p\000e\000r\000i\000m\000e\000n\000t\000a\000l}{section.8}% 33
\BOOKMARK [3][-]{subsubsection.8.3.1}{\376\377\000Q\000u\000e\000s\000t\000i\000o\000n\000\040\0001}{subsection.8.3}% 34
\BOOKMARK [3][-]{subsubsection.8.3.2}{\376\377\000Q\000u\000e\000s\000t\000i\000o\000n\000\040\0002}{subsection.8.3}% 35
\BOOKMARK [3][-]{subsubsection.8.3.3}{\376\377\000Q\000u\000e\000s\000t\000i\000o\000n\000\040\0003}{subsection.8.3}% 36
\BOOKMARK [3][-]{subsubsection.8.3.4}{\376\377\000Q\000u\000e\000s\000t\000i\000o\000n\000\040\0004}{subsection.8.3}% 37
\BOOKMARK [3][-]{subsubsection.8.3.5}{\376\377\000Q\000u\000e\000s\000t\000i\000o\000n\000\040\0005}{subsection.8.3}% 38
\BOOKMARK [3][-]{subsubsection.8.3.6}{\376\377\000Q\000u\000e\000s\000t\000i\000o\000n\000\040\0006}{subsection.8.3}% 39
\BOOKMARK [3][-]{subsubsection.8.3.7}{\376\377\000Q\000u\000e\000s\000t\000i\000o\000n\000\040\0007}{subsection.8.3}% 40
\BOOKMARK [3][-]{subsubsection.8.3.8}{\376\377\000Q\000u\000e\000s\000t\000i\000o\000n\000\040\0008}{subsection.8.3}% 41
\BOOKMARK [3][-]{subsubsection.8.3.9}{\376\377\000Q\000u\000e\000s\000t\000i\000o\000n\000\040\0009}{subsection.8.3}% 42
\BOOKMARK [3][-]{subsubsection.8.3.10}{\376\377\000Q\000u\000e\000s\000t\000i\000o\000n\000\040\0001\0000}{subsection.8.3}% 43
\BOOKMARK [2][-]{subsection.8.4}{\376\377\000R\000a\000w\000\040\000D\000a\000t\000a}{section.8}% 44
\BOOKMARK [3][-]{subsubsection.8.4.1}{\376\377\000T\000r\000a\000n\000s\000i\000e\000n\000t\000\040\000R\000e\000s\000p\000o\000n\000s\000e}{subsection.8.4}% 45
\BOOKMARK [3][-]{subsubsection.8.4.2}{\376\377\000S\000t\000e\000a\000d\000y\000\040\000S\000t\000a\000t\000e\000\040\000R\000e\000s\000p\000o\000n\000s\000e}{subsection.8.4}% 46
\BOOKMARK [2][-]{subsection.8.5}{\376\377\000L\000a\000b\000\040\000B\000o\000o\000k}{section.8}% 47
